2026-02-23 11:08:07,328 - [AUTO_PACK] - INFO - 🚀 啟動全量打包佈署程式 (File-based Deployment)...
2026-02-23 11:08:07,329 - [AUTO_PACK] - INFO - 📦 打包檔案: article-decoding-equipment.html
2026-02-23 11:08:07,329 - [AUTO_PACK] - INFO - 📦 打包檔案: article-keyless-troubleshooting.html
2026-02-23 11:08:07,329 - [AUTO_PACK] - INFO - 📦 打包檔案: article-lost-key-comparison.html
2026-02-23 11:08:07,329 - [AUTO_PACK] - INFO - 📦 打包檔案: blog.html
2026-02-23 11:08:07,329 - [AUTO_PACK] - INFO - 📦 打包檔案: blog.json
2026-02-23 11:08:07,330 - [AUTO_PACK] - INFO - 📦 打包檔案: cases.json
2026-02-23 11:08:07,330 - [AUTO_PACK] - INFO - 📦 打包檔案: index.html
2026-02-23 11:08:07,331 - [AUTO_PACK] - INFO - 📦 打包檔案: img/1655.jpg
2026-02-23 11:08:07,350 - [AUTO_PACK] - INFO - 📦 打包檔案: img/1711.JPG
2026-02-23 11:08:07,361 - [AUTO_PACK] - INFO - 📦 打包檔案: img/1726.JPG
2026-02-23 11:08:07,373 - [AUTO_PACK] - INFO - 📦 打包檔案: img/1731.jpg
2026-02-23 11:08:07,391 - [AUTO_PACK] - INFO - 📦 打包檔案: img/1736.jpg
2026-02-23 11:08:07,404 - [AUTO_PACK] - INFO - 📦 打包檔案: img/1757.jpg
2026-02-23 11:08:07,413 - [AUTO_PACK] - INFO - 📦 打包檔案: img/1829.jpg
2026-02-23 11:08:07,425 - [AUTO_PACK] - INFO - 📦 打包檔案: img/1868.JPG
2026-02-23 11:08:07,434 - [AUTO_PACK] - INFO - 📦 打包檔案: img/32438.JPG
2026-02-23 11:08:07,445 - [AUTO_PACK] - INFO - 📦 打包檔案: img/32561.jpg
2026-02-23 11:08:07,457 - [AUTO_PACK] - INFO - 📦 打包檔案: img/32641.JPG
2026-02-23 11:08:07,470 - [AUTO_PACK] - INFO - 📦 打包檔案: img/32742.jpg
2026-02-23 11:08:07,483 - [AUTO_PACK] - INFO - 📦 打包檔案: img/32989.JPG
2026-02-23 11:08:07,496 - [AUTO_PACK] - INFO - 📦 打包檔案: img/3307.JPG
2026-02-23 11:08:07,509 - [AUTO_PACK] - INFO - 📦 打包檔案: img/ger_01.jpg
2026-02-23 11:08:07,520 - [AUTO_PACK] - INFO - 📦 打包檔案: img/ger_02.JPG
2026-02-23 11:08:07,528 - [AUTO_PACK] - INFO - 📦 打包檔案: img/ger_03.JPG
2026-02-23 11:08:07,538 - [AUTO_PACK] - INFO - 📦 打包檔案: img/ger_04.JPG
2026-02-23 11:08:07,551 - [AUTO_PACK] - INFO - 📦 打包檔案: img/ger_05.jpg
2026-02-23 11:08:07,563 - [AUTO_PACK] - INFO - 📦 打包檔案: img/ger_06.JPG
2026-02-23 11:08:07,571 - [AUTO_PACK] - INFO - 📦 打包檔案: img/ger_07.JPG
2026-02-23 11:08:07,583 - [AUTO_PACK] - INFO - 📦 打包檔案: img/ger_08.jpg
2026-02-23 11:08:07,594 - [AUTO_PACK] - INFO - 📦 打包檔案: img/ger_09.JPG
2026-02-23 11:08:07,605 - [AUTO_PACK] - INFO - 📦 打包檔案: img/ger_10.jpg
2026-02-23 11:08:07,617 - [AUTO_PACK] - INFO - 📦 打包檔案: img/ger_11.jpg
2026-02-23 11:08:07,630 - [AUTO_PACK] - INFO - 📦 打包檔案: img/ger_12.jpg
2026-02-23 11:08:07,642 - [AUTO_PACK] - INFO - 📦 打包檔案: img/ger_13.jpg
2026-02-23 11:08:07,655 - [AUTO_PACK] - INFO - 📦 打包檔案: img/jap_02.jpg
2026-02-23 11:08:07,671 - [AUTO_PACK] - INFO - 📦 打包檔案: img/jap_03.JPG
2026-02-23 11:08:07,686 - [AUTO_PACK] - INFO - 📦 打包檔案: img/jap_04.JPG
2026-02-23 11:08:07,697 - [AUTO_PACK] - INFO - 📦 打包檔案: img/jap_05.JPG
2026-02-23 11:08:07,708 - [AUTO_PACK] - INFO - 📦 打包檔案: img/jap_06.jpg
2026-02-23 11:08:07,720 - [AUTO_PACK] - INFO - 📦 打包檔案: img/jap_07.JPG
2026-02-23 11:08:07,734 - [AUTO_PACK] - INFO - 📦 打包檔案: img/jap_08.JPG
2026-02-23 11:08:07,747 - [AUTO_PACK] - INFO - 📦 打包檔案: img/jap_09.JPG
2026-02-23 11:08:07,759 - [AUTO_PACK] - INFO - 📦 打包檔案: img/jap_10.jpg
2026-02-23 11:08:07,778 - [AUTO_PACK] - INFO - 📦 打包檔案: img/jap_11.jpg
2026-02-23 11:08:07,792 - [AUTO_PACK] - INFO - 📦 打包檔案: img/uk_01.JPG
2026-02-23 11:08:07,805 - [AUTO_PACK] - INFO - 📦 打包檔案: img/uk_02.JPG
2026-02-23 11:08:07,816 - [AUTO_PACK] - INFO - 📦 打包檔案: img/uk_03.JPG
2026-02-23 11:08:07,827 - [AUTO_PACK] - INFO - 📦 打包檔案: img/uk_04.JPG
2026-02-23 11:08:07,841 - [AUTO_PACK] - INFO - 📦 打包檔案: img/uk_05.JPG
2026-02-23 11:08:07,850 - [AUTO_PACK] - INFO - 📦 打包檔案: img/uk_06.JPG
2026-02-23 11:08:18,964 - [AUTO_PACK] - ERROR - ⚠️ 佈署失敗: Request body too large. Limit: 10mb
