2026-02-23 11:30:35,968 - [ULTIMATE_SYNC] - INFO - ­Ъџџ ТГБтюетљїТГЦТаИт┐ЃС╗Буб╝УЄ│ Git тиЦСйютЇђ...
2026-02-23 11:30:50,350 - [ULTIMATE_SYNC] - INFO - ­Ъџџ ТГБтюетљїТГЦТаИт┐ЃС╗Буб╝УЄ│ Git тиЦСйютЇђ...
2026-02-23 11:30:50,417 - [ULTIMATE_SYNC] - INFO - ­Ъје ТГБтюетЋЪтІЋсђјТЦхУЄ┤ТаИт┐ЃсђЈтюќуЅЄуёАТљЇ/ТёЪт«ўуёАТљЇтБЊуИ«уеІт║Ј (Max Width: 1200px)...
2026-02-23 11:30:50,544 - [ULTIMATE_SYNC] - INFO - РюЁ ти▓тёфтїќ: 1655.jpg
2026-02-23 11:30:50,636 - [ULTIMATE_SYNC] - INFO - РюЁ ти▓тёфтїќ: 1711.JPG
2026-02-23 11:30:50,732 - [ULTIMATE_SYNC] - INFO - РюЁ ти▓тёфтїќ: 1726.JPG
2026-02-23 11:30:50,838 - [ULTIMATE_SYNC] - INFO - РюЁ ти▓тёфтїќ: 1731.jpg
2026-02-23 11:30:50,939 - [ULTIMATE_SYNC] - INFO - РюЁ ти▓тёфтїќ: 1736.jpg
2026-02-23 11:30:51,039 - [ULTIMATE_SYNC] - INFO - РюЁ ти▓тёфтїќ: 1757.jpg
2026-02-23 11:30:51,143 - [ULTIMATE_SYNC] - INFO - РюЁ ти▓тёфтїќ: 1829.jpg
2026-02-23 11:30:51,232 - [ULTIMATE_SYNC] - INFO - РюЁ ти▓тёфтїќ: 1868.JPG
2026-02-23 11:30:51,329 - [ULTIMATE_SYNC] - INFO - РюЁ ти▓тёфтїќ: 32438.JPG
2026-02-23 11:30:51,439 - [ULTIMATE_SYNC] - INFO - РюЁ ти▓тёфтїќ: 32561.jpg
2026-02-23 11:30:51,539 - [ULTIMATE_SYNC] - INFO - РюЁ ти▓тёфтїќ: 32641.JPG
2026-02-23 11:30:51,650 - [ULTIMATE_SYNC] - INFO - РюЁ ти▓тёфтїќ: 32742.jpg
2026-02-23 11:30:51,748 - [ULTIMATE_SYNC] - INFO - РюЁ ти▓тёфтїќ: 32989.JPG
2026-02-23 11:30:51,848 - [ULTIMATE_SYNC] - INFO - РюЁ ти▓тёфтїќ: 3307.JPG
2026-02-23 11:30:51,949 - [ULTIMATE_SYNC] - INFO - РюЁ ти▓тёфтїќ: ger_01.jpg
2026-02-23 11:30:52,045 - [ULTIMATE_SYNC] - INFO - РюЁ ти▓тёфтїќ: ger_02.JPG
2026-02-23 11:30:52,147 - [ULTIMATE_SYNC] - INFO - РюЁ ти▓тёфтїќ: ger_03.JPG
2026-02-23 11:30:52,248 - [ULTIMATE_SYNC] - INFO - РюЁ ти▓тёфтїќ: ger_04.JPG
2026-02-23 11:30:52,356 - [ULTIMATE_SYNC] - INFO - РюЁ ти▓тёфтїќ: ger_05.jpg
2026-02-23 11:30:52,451 - [ULTIMATE_SYNC] - INFO - РюЁ ти▓тёфтїќ: ger_06.JPG
2026-02-23 11:30:52,555 - [ULTIMATE_SYNC] - INFO - РюЁ ти▓тёфтїќ: ger_07.JPG
2026-02-23 11:30:52,658 - [ULTIMATE_SYNC] - INFO - РюЁ ти▓тёфтїќ: ger_08.jpg
2026-02-23 11:30:52,754 - [ULTIMATE_SYNC] - INFO - РюЁ ти▓тёфтїќ: ger_09.JPG
2026-02-23 11:30:52,859 - [ULTIMATE_SYNC] - INFO - РюЁ ти▓тёфтїќ: ger_10.jpg
2026-02-23 11:30:52,966 - [ULTIMATE_SYNC] - INFO - РюЁ ти▓тёфтїќ: ger_11.jpg
2026-02-23 11:30:53,073 - [ULTIMATE_SYNC] - INFO - РюЁ ти▓тёфтїќ: ger_12.jpg
2026-02-23 11:30:53,205 - [ULTIMATE_SYNC] - INFO - РюЁ ти▓тёфтїќ: ger_13.jpg
2026-02-23 11:30:53,313 - [ULTIMATE_SYNC] - INFO - РюЁ ти▓тёфтїќ: jap_02.jpg
2026-02-23 11:30:53,416 - [ULTIMATE_SYNC] - INFO - РюЁ ти▓тёфтїќ: jap_03.JPG
2026-02-23 11:30:53,529 - [ULTIMATE_SYNC] - INFO - РюЁ ти▓тёфтїќ: jap_04.JPG
2026-02-23 11:30:53,636 - [ULTIMATE_SYNC] - INFO - РюЁ ти▓тёфтїќ: jap_05.JPG
2026-02-23 11:30:53,745 - [ULTIMATE_SYNC] - INFO - РюЁ ти▓тёфтїќ: jap_06.jpg
2026-02-23 11:30:53,866 - [ULTIMATE_SYNC] - INFO - РюЁ ти▓тёфтїќ: jap_07.JPG
2026-02-23 11:30:53,977 - [ULTIMATE_SYNC] - INFO - РюЁ ти▓тёфтїќ: jap_08.JPG
2026-02-23 11:30:54,078 - [ULTIMATE_SYNC] - INFO - РюЁ ти▓тёфтїќ: jap_09.JPG
2026-02-23 11:30:54,186 - [ULTIMATE_SYNC] - INFO - РюЁ ти▓тёфтїќ: jap_10.jpg
2026-02-23 11:30:54,298 - [ULTIMATE_SYNC] - INFO - РюЁ ти▓тёфтїќ: jap_11.jpg
2026-02-23 11:30:54,399 - [ULTIMATE_SYNC] - INFO - РюЁ ти▓тёфтїќ: uk_01.JPG
2026-02-23 11:30:54,499 - [ULTIMATE_SYNC] - INFO - РюЁ ти▓тёфтїќ: uk_02.JPG
2026-02-23 11:30:54,605 - [ULTIMATE_SYNC] - INFO - РюЁ ти▓тёфтїќ: uk_03.JPG
2026-02-23 11:30:54,720 - [ULTIMATE_SYNC] - INFO - РюЁ ти▓тёфтїќ: uk_04.JPG
2026-02-23 11:30:54,813 - [ULTIMATE_SYNC] - INFO - РюЁ ти▓тёфтїќ: uk_05.JPG
2026-02-23 11:30:54,904 - [ULTIMATE_SYNC] - INFO - РюЁ ти▓тёфтїќ: uk_06.JPG
2026-02-23 11:30:54,906 - [ULTIMATE_SYNC] - WARNING - Рџа№ИЈ тЂхТИгтѕ░т░џТюфт╗║уФІ Git тђЅт║Ф№╝їУФІтЁѕТЅІтІЋтЪиУАї git init СИджђБухљ remote№╝Ђ
